{
    "meta": {
        "format": 3,
        "version": "7.13.1",
        "timestamp": "2026-01-04T22:20:44.048440",
        "branch_coverage": true,
        "show_contexts": false
    },
    "files": {
        "src/pivot/__init__.py": {
            "executed_lines": [
                22,
                24,
                25
            ],
            "summary": {
                "covered_lines": 3,
                "num_statements": 3,
                "percent_covered": 100.0,
                "percent_covered_display": "100.00",
                "missing_lines": 0,
                "excluded_lines": 0,
                "percent_statements_covered": 100.0,
                "percent_statements_covered_display": "100.00",
                "num_branches": 0,
                "num_partial_branches": 0,
                "covered_branches": 0,
                "missing_branches": 0,
                "percent_branches_covered": 100.0,
                "percent_branches_covered_display": "100.00"
            },
            "missing_lines": [],
            "excluded_lines": [],
            "executed_branches": [],
            "missing_branches": [],
            "functions": {
                "": {
                    "executed_lines": [
                        22,
                        24,
                        25
                    ],
                    "summary": {
                        "covered_lines": 3,
                        "num_statements": 3,
                        "percent_covered": 100.0,
                        "percent_covered_display": "100.00",
                        "missing_lines": 0,
                        "excluded_lines": 0,
                        "percent_statements_covered": 100.0,
                        "percent_statements_covered_display": "100.00",
                        "num_branches": 0,
                        "num_partial_branches": 0,
                        "covered_branches": 0,
                        "missing_branches": 0,
                        "percent_branches_covered": 100.0,
                        "percent_branches_covered_display": "100.00"
                    },
                    "missing_lines": [],
                    "excluded_lines": [],
                    "start_line": 1,
                    "executed_branches": [],
                    "missing_branches": []
                }
            },
            "classes": {
                "": {
                    "executed_lines": [
                        22,
                        24,
                        25
                    ],
                    "summary": {
                        "covered_lines": 3,
                        "num_statements": 3,
                        "percent_covered": 100.0,
                        "percent_covered_display": "100.00",
                        "missing_lines": 0,
                        "excluded_lines": 0,
                        "percent_statements_covered": 100.0,
                        "percent_statements_covered_display": "100.00",
                        "num_branches": 0,
                        "num_partial_branches": 0,
                        "covered_branches": 0,
                        "missing_branches": 0,
                        "percent_branches_covered": 100.0,
                        "percent_branches_covered_display": "100.00"
                    },
                    "missing_lines": [],
                    "excluded_lines": [],
                    "start_line": 1,
                    "executed_branches": [],
                    "missing_branches": []
                }
            }
        },
        "src/pivot/ast_utils.py": {
            "executed_lines": [
                16,
                17,
                18,
                21,
                23,
                24,
                25,
                26,
                28,
                29,
                30,
                31,
                33,
                35,
                36,
                37,
                38,
                39,
                40,
                42,
                43,
                45,
                46,
                47,
                48,
                49,
                50,
                52,
                55,
                57,
                58,
                59,
                60,
                62,
                64,
                65,
                66,
                71,
                73,
                79,
                81,
                82,
                84
            ],
            "summary": {
                "covered_lines": 43,
                "num_statements": 44,
                "percent_covered": 93.75,
                "percent_covered_display": "93.75",
                "missing_lines": 1,
                "excluded_lines": 0,
                "percent_statements_covered": 97.72727272727273,
                "percent_statements_covered_display": "97.73",
                "num_branches": 20,
                "num_partial_branches": 3,
                "covered_branches": 17,
                "missing_branches": 3,
                "percent_branches_covered": 85.0,
                "percent_branches_covered_display": "85.00"
            },
            "missing_lines": [
                68
            ],
            "excluded_lines": [],
            "executed_branches": [
                [
                    35,
                    36
                ],
                [
                    35,
                    45
                ],
                [
                    36,
                    35
                ],
                [
                    36,
                    37
                ],
                [
                    37,
                    38
                ],
                [
                    37,
                    42
                ],
                [
                    42,
                    43
                ],
                [
                    47,
                    48
                ],
                [
                    47,
                    52
                ],
                [
                    48,
                    49
                ],
                [
                    64,
                    65
                ],
                [
                    65,
                    64
                ],
                [
                    65,
                    66
                ],
                [
                    73,
                    79
                ],
                [
                    73,
                    81
                ],
                [
                    81,
                    82
                ],
                [
                    81,
                    84
                ]
            ],
            "missing_branches": [
                [
                    42,
                    35
                ],
                [
                    48,
                    47
                ],
                [
                    64,
                    68
                ]
            ],
            "functions": {
                "extract_module_attr_usage": {
                    "executed_lines": [
                        23,
                        24,
                        25,
                        26,
                        28,
                        29,
                        30,
                        31,
                        33,
                        35,
                        36,
                        37,
                        38,
                        39,
                        40,
                        42,
                        43,
                        45,
                        46,
                        47,
                        48,
                        49,
                        50,
                        52
                    ],
                    "summary": {
                        "covered_lines": 24,
                        "num_statements": 24,
                        "percent_covered": 94.44444444444444,
                        "percent_covered_display": "94.44",
                        "missing_lines": 0,
                        "excluded_lines": 0,
                        "percent_statements_covered": 100.0,
                        "percent_statements_covered_display": "100.00",
                        "num_branches": 12,
                        "num_partial_branches": 2,
                        "covered_branches": 10,
                        "missing_branches": 2,
                        "percent_branches_covered": 83.33333333333333,
                        "percent_branches_covered_display": "83.33"
                    },
                    "missing_lines": [],
                    "excluded_lines": [],
                    "start_line": 21,
                    "executed_branches": [
                        [
                            35,
                            36
                        ],
                        [
                            35,
                            45
                        ],
                        [
                            36,
                            35
                        ],
                        [
                            36,
                            37
                        ],
                        [
                            37,
                            38
                        ],
                        [
                            37,
                            42
                        ],
                        [
                            42,
                            43
                        ],
                        [
                            47,
                            48
                        ],
                        [
                            47,
                            52
                        ],
                        [
                            48,
                            49
                        ]
                    ],
                    "missing_branches": [
                        [
                            42,
                            35
                        ],
                        [
                            48,
                            47
                        ]
                    ]
                },
                "get_function_ast": {
                    "executed_lines": [
                        57,
                        58,
                        59,
                        60,
                        62,
                        64,
                        65,
                        66
                    ],
                    "summary": {
                        "covered_lines": 8,
                        "num_statements": 9,
                        "percent_covered": 84.61538461538461,
                        "percent_covered_display": "84.62",
                        "missing_lines": 1,
                        "excluded_lines": 0,
                        "percent_statements_covered": 88.88888888888889,
                        "percent_statements_covered_display": "88.89",
                        "num_branches": 4,
                        "num_partial_branches": 1,
                        "covered_branches": 3,
                        "missing_branches": 1,
                        "percent_branches_covered": 75.0,
                        "percent_branches_covered_display": "75.00"
                    },
                    "missing_lines": [
                        68
                    ],
                    "excluded_lines": [],
                    "start_line": 55,
                    "executed_branches": [
                        [
                            64,
                            65
                        ],
                        [
                            65,
                            64
                        ],
                        [
                            65,
                            66
                        ]
                    ],
                    "missing_branches": [
                        [
                            64,
                            68
                        ]
                    ]
                },
                "normalize_ast": {
                    "executed_lines": [
                        73,
                        79,
                        81,
                        82,
                        84
                    ],
                    "summary": {
                        "covered_lines": 5,
                        "num_statements": 5,
                        "percent_covered": 100.0,
                        "percent_covered_display": "100.00",
                        "missing_lines": 0,
                        "excluded_lines": 0,
                        "percent_statements_covered": 100.0,
                        "percent_statements_covered_display": "100.00",
                        "num_branches": 4,
                        "num_partial_branches": 0,
                        "covered_branches": 4,
                        "missing_branches": 0,
                        "percent_branches_covered": 100.0,
                        "percent_branches_covered_display": "100.00"
                    },
                    "missing_lines": [],
                    "excluded_lines": [],
                    "start_line": 71,
                    "executed_branches": [
                        [
                            73,
                            79
                        ],
                        [
                            73,
                            81
                        ],
                        [
                            81,
                            82
                        ],
                        [
                            81,
                            84
                        ]
                    ],
                    "missing_branches": []
                },
                "": {
                    "executed_lines": [
                        16,
                        17,
                        18,
                        21,
                        55,
                        71
                    ],
                    "summary": {
                        "covered_lines": 6,
                        "num_statements": 6,
                        "percent_covered": 100.0,
                        "percent_covered_display": "100.00",
                        "missing_lines": 0,
                        "excluded_lines": 0,
                        "percent_statements_covered": 100.0,
                        "percent_statements_covered_display": "100.00",
                        "num_branches": 0,
                        "num_partial_branches": 0,
                        "covered_branches": 0,
                        "missing_branches": 0,
                        "percent_branches_covered": 100.0,
                        "percent_branches_covered_display": "100.00"
                    },
                    "missing_lines": [],
                    "excluded_lines": [],
                    "start_line": 1,
                    "executed_branches": [],
                    "missing_branches": []
                }
            },
            "classes": {
                "": {
                    "executed_lines": [
                        16,
                        17,
                        18,
                        21,
                        23,
                        24,
                        25,
                        26,
                        28,
                        29,
                        30,
                        31,
                        33,
                        35,
                        36,
                        37,
                        38,
                        39,
                        40,
                        42,
                        43,
                        45,
                        46,
                        47,
                        48,
                        49,
                        50,
                        52,
                        55,
                        57,
                        58,
                        59,
                        60,
                        62,
                        64,
                        65,
                        66,
                        71,
                        73,
                        79,
                        81,
                        82,
                        84
                    ],
                    "summary": {
                        "covered_lines": 43,
                        "num_statements": 44,
                        "percent_covered": 93.75,
                        "percent_covered_display": "93.75",
                        "missing_lines": 1,
                        "excluded_lines": 0,
                        "percent_statements_covered": 97.72727272727273,
                        "percent_statements_covered_display": "97.73",
                        "num_branches": 20,
                        "num_partial_branches": 3,
                        "covered_branches": 17,
                        "missing_branches": 3,
                        "percent_branches_covered": 85.0,
                        "percent_branches_covered_display": "85.00"
                    },
                    "missing_lines": [
                        68
                    ],
                    "excluded_lines": [],
                    "start_line": 1,
                    "executed_branches": [
                        [
                            35,
                            36
                        ],
                        [
                            35,
                            45
                        ],
                        [
                            36,
                            35
                        ],
                        [
                            36,
                            37
                        ],
                        [
                            37,
                            38
                        ],
                        [
                            37,
                            42
                        ],
                        [
                            42,
                            43
                        ],
                        [
                            47,
                            48
                        ],
                        [
                            47,
                            52
                        ],
                        [
                            48,
                            49
                        ],
                        [
                            64,
                            65
                        ],
                        [
                            65,
                            64
                        ],
                        [
                            65,
                            66
                        ],
                        [
                            73,
                            79
                        ],
                        [
                            73,
                            81
                        ],
                        [
                            81,
                            82
                        ],
                        [
                            81,
                            84
                        ]
                    ],
                    "missing_branches": [
                        [
                            42,
                            35
                        ],
                        [
                            48,
                            47
                        ],
                        [
                            64,
                            68
                        ]
                    ]
                }
            }
        },
        "src/pivot/fingerprint.py": {
            "executed_lines": [
                32,
                33,
                34,
                35,
                36,
                37,
                38,
                40,
                43,
                52,
                53,
                55,
                57,
                58,
                59,
                60,
                62,
                63,
                65,
                66,
                67,
                68,
                69,
                70,
                73,
                80,
                81,
                82,
                83,
                84,
                85,
                86,
                87,
                88,
                89,
                91,
                92,
                93,
                95,
                96,
                97,
                98,
                99,
                100,
                101,
                102,
                103,
                104,
                105,
                107,
                110,
                112,
                113,
                114,
                115,
                116,
                117,
                119,
                120,
                121,
                122,
                124,
                125,
                126,
                129,
                131,
                132,
                134,
                140,
                142,
                143,
                145,
                148,
                150,
                151,
                153,
                154,
                155,
                157,
                158,
                160,
                162,
                163,
                165,
                166,
                168,
                170,
                171,
                173,
                175,
                179,
                180,
                181,
                185,
                189,
                190,
                192,
                193,
                194,
                195
            ],
            "summary": {
                "covered_lines": 100,
                "num_statements": 111,
                "percent_covered": 87.86127167630057,
                "percent_covered_display": "87.86",
                "missing_lines": 11,
                "excluded_lines": 0,
                "percent_statements_covered": 90.09009009009009,
                "percent_statements_covered_display": "90.09",
                "num_branches": 62,
                "num_partial_branches": 6,
                "covered_branches": 52,
                "missing_branches": 10,
                "percent_branches_covered": 83.87096774193549,
                "percent_branches_covered_display": "83.87"
            },
            "missing_lines": [
                71,
                74,
                75,
                76,
                77,
                78,
                186,
                187,
                196,
                197,
                200
            ],
            "excluded_lines": [],
            "executed_branches": [
                [
                    52,
                    53
                ],
                [
                    52,
                    55
                ],
                [
                    58,
                    59
                ],
                [
                    58,
                    60
                ],
                [
                    69,
                    70
                ],
                [
                    69,
                    97
                ],
                [
                    70,
                    73
                ],
                [
                    73,
                    80
                ],
                [
                    80,
                    81
                ],
                [
                    80,
                    95
                ],
                [
                    82,
                    69
                ],
                [
                    82,
                    83
                ],
                [
                    83,
                    84
                ],
                [
                    85,
                    86
                ],
                [
                    88,
                    89
                ],
                [
                    88,
                    91
                ],
                [
                    95,
                    96
                ],
                [
                    97,
                    98
                ],
                [
                    97,
                    107
                ],
                [
                    98,
                    99
                ],
                [
                    98,
                    104
                ],
                [
                    101,
                    97
                ],
                [
                    101,
                    102
                ],
                [
                    102,
                    101
                ],
                [
                    102,
                    103
                ],
                [
                    104,
                    105
                ],
                [
                    115,
                    116
                ],
                [
                    115,
                    117
                ],
                [
                    131,
                    132
                ],
                [
                    131,
                    134
                ],
                [
                    134,
                    140
                ],
                [
                    134,
                    142
                ],
                [
                    142,
                    143
                ],
                [
                    142,
                    145
                ],
                [
                    150,
                    151
                ],
                [
                    150,
                    153
                ],
                [
                    153,
                    154
                ],
                [
                    153,
                    157
                ],
                [
                    157,
                    158
                ],
                [
                    157,
                    160
                ],
                [
                    162,
                    163
                ],
                [
                    162,
                    165
                ],
                [
                    165,
                    166
                ],
                [
                    165,
                    168
                ],
                [
                    170,
                    171
                ],
                [
                    170,
                    173
                ],
                [
                    179,
                    180
                ],
                [
                    179,
                    189
                ],
                [
                    181,
                    179
                ],
                [
                    181,
                    185
                ],
                [
                    189,
                    190
                ],
                [
                    189,
                    192
                ]
            ],
            "missing_branches": [
                [
                    70,
                    71
                ],
                [
                    73,
                    74
                ],
                [
                    76,
                    69
                ],
                [
                    76,
                    77
                ],
                [
                    77,
                    76
                ],
                [
                    77,
                    78
                ],
                [
                    83,
                    82
                ],
                [
                    85,
                    82
                ],
                [
                    95,
                    69
                ],
                [
                    104,
                    97
                ]
            ],
            "functions": {
                "get_stage_fingerprint": {
                    "executed_lines": [
                        52,
                        53,
                        55,
                        57,
                        58,
                        59,
                        60,
                        62,
                        63,
                        65,
                        66,
                        67,
                        68,
                        69,
                        70,
                        73,
                        80,
                        81,
                        82,
                        83,
                        84,
                        85,
                        86,
                        87,
                        88,
                        89,
                        91,
                        92,
                        93,
                        95,
                        96,
                        97,
                        98,
                        99,
                        100,
                        101,
                        102,
                        103,
                        104,
                        105,
                        107
                    ],
                    "summary": {
                        "covered_lines": 41,
                        "num_statements": 47,
                        "percent_covered": 80.72289156626506,
                        "percent_covered_display": "80.72",
                        "missing_lines": 6,
                        "excluded_lines": 0,
                        "percent_statements_covered": 87.23404255319149,
                        "percent_statements_covered_display": "87.23",
                        "num_branches": 36,
                        "num_partial_branches": 6,
                        "covered_branches": 26,
                        "missing_branches": 10,
                        "percent_branches_covered": 72.22222222222223,
                        "percent_branches_covered_display": "72.22"
                    },
                    "missing_lines": [
                        71,
                        74,
                        75,
                        76,
                        77,
                        78
                    ],
                    "excluded_lines": [],
                    "start_line": 43,
                    "executed_branches": [
                        [
                            52,
                            53
                        ],
                        [
                            52,
                            55
                        ],
                        [
                            58,
                            59
                        ],
                        [
                            58,
                            60
                        ],
                        [
                            69,
                            70
                        ],
                        [
                            69,
                            97
                        ],
                        [
                            70,
                            73
                        ],
                        [
                            73,
                            80
                        ],
                        [
                            80,
                            81
                        ],
                        [
                            80,
                            95
                        ],
                        [
                            82,
                            69
                        ],
                        [
                            82,
                            83
                        ],
                        [
                            83,
                            84
                        ],
                        [
                            85,
                            86
                        ],
                        [
                            88,
                            89
                        ],
                        [
                            88,
                            91
                        ],
                        [
                            95,
                            96
                        ],
                        [
                            97,
                            98
                        ],
                        [
                            97,
                            107
                        ],
                        [
                            98,
                            99
                        ],
                        [
                            98,
                            104
                        ],
                        [
                            101,
                            97
                        ],
                        [
                            101,
                            102
                        ],
                        [
                            102,
                            101
                        ],
                        [
                            102,
                            103
                        ],
                        [
                            104,
                            105
                        ]
                    ],
                    "missing_branches": [
                        [
                            70,
                            71
                        ],
                        [
                            73,
                            74
                        ],
                        [
                            76,
                            69
                        ],
                        [
                            76,
                            77
                        ],
                        [
                            77,
                            76
                        ],
                        [
                            77,
                            78
                        ],
                        [
                            83,
                            82
                        ],
                        [
                            85,
                            82
                        ],
                        [
                            95,
                            69
                        ],
                        [
                            104,
                            97
                        ]
                    ]
                },
                "hash_function_ast": {
                    "executed_lines": [
                        112,
                        113,
                        114,
                        115,
                        116,
                        117,
                        119,
                        120,
                        121,
                        122,
                        124,
                        125,
                        126
                    ],
                    "summary": {
                        "covered_lines": 13,
                        "num_statements": 13,
                        "percent_covered": 100.0,
                        "percent_covered_display": "100.00",
                        "missing_lines": 0,
                        "excluded_lines": 0,
                        "percent_statements_covered": 100.0,
                        "percent_statements_covered_display": "100.00",
                        "num_branches": 2,
                        "num_partial_branches": 0,
                        "covered_branches": 2,
                        "missing_branches": 0,
                        "percent_branches_covered": 100.0,
                        "percent_branches_covered_display": "100.00"
                    },
                    "missing_lines": [],
                    "excluded_lines": [],
                    "start_line": 110,
                    "executed_branches": [
                        [
                            115,
                            116
                        ],
                        [
                            115,
                            117
                        ]
                    ],
                    "missing_branches": []
                },
                "_normalize_ast": {
                    "executed_lines": [
                        131,
                        132,
                        134,
                        140,
                        142,
                        143,
                        145
                    ],
                    "summary": {
                        "covered_lines": 7,
                        "num_statements": 7,
                        "percent_covered": 100.0,
                        "percent_covered_display": "100.00",
                        "missing_lines": 0,
                        "excluded_lines": 0,
                        "percent_statements_covered": 100.0,
                        "percent_statements_covered_display": "100.00",
                        "num_branches": 6,
                        "num_partial_branches": 0,
                        "covered_branches": 6,
                        "missing_branches": 0,
                        "percent_branches_covered": 100.0,
                        "percent_branches_covered_display": "100.00"
                    },
                    "missing_lines": [],
                    "excluded_lines": [],
                    "start_line": 129,
                    "executed_branches": [
                        [
                            131,
                            132
                        ],
                        [
                            131,
                            134
                        ],
                        [
                            134,
                            140
                        ],
                        [
                            134,
                            142
                        ],
                        [
                            142,
                            143
                        ],
                        [
                            142,
                            145
                        ]
                    ],
                    "missing_branches": []
                },
                "is_user_code": {
                    "executed_lines": [
                        150,
                        151,
                        153,
                        154,
                        155,
                        157,
                        158,
                        160,
                        162,
                        163,
                        165,
                        166,
                        168,
                        170,
                        171,
                        173,
                        175,
                        179,
                        180,
                        181,
                        185,
                        189,
                        190,
                        192,
                        193,
                        194,
                        195
                    ],
                    "summary": {
                        "covered_lines": 27,
                        "num_statements": 32,
                        "percent_covered": 90.0,
                        "percent_covered_display": "90.00",
                        "missing_lines": 5,
                        "excluded_lines": 0,
                        "percent_statements_covered": 84.375,
                        "percent_statements_covered_display": "84.38",
                        "num_branches": 18,
                        "num_partial_branches": 0,
                        "covered_branches": 18,
                        "missing_branches": 0,
                        "percent_branches_covered": 100.0,
                        "percent_branches_covered_display": "100.00"
                    },
                    "missing_lines": [
                        186,
                        187,
                        196,
                        197,
                        200
                    ],
                    "excluded_lines": [],
                    "start_line": 148,
                    "executed_branches": [
                        [
                            150,
                            151
                        ],
                        [
                            150,
                            153
                        ],
                        [
                            153,
                            154
                        ],
                        [
                            153,
                            157
                        ],
                        [
                            157,
                            158
                        ],
                        [
                            157,
                            160
                        ],
                        [
                            162,
                            163
                        ],
                        [
                            162,
                            165
                        ],
                        [
                            165,
                            166
                        ],
                        [
                            165,
                            168
                        ],
                        [
                            170,
                            171
                        ],
                        [
                            170,
                            173
                        ],
                        [
                            179,
                            180
                        ],
                        [
                            179,
                            189
                        ],
                        [
                            181,
                            179
                        ],
                        [
                            181,
                            185
                        ],
                        [
                            189,
                            190
                        ],
                        [
                            189,
                            192
                        ]
                    ],
                    "missing_branches": []
                },
                "": {
                    "executed_lines": [
                        32,
                        33,
                        34,
                        35,
                        36,
                        37,
                        38,
                        40,
                        43,
                        110,
                        129,
                        148
                    ],
                    "summary": {
                        "covered_lines": 12,
                        "num_statements": 12,
                        "percent_covered": 100.0,
                        "percent_covered_display": "100.00",
                        "missing_lines": 0,
                        "excluded_lines": 0,
                        "percent_statements_covered": 100.0,
                        "percent_statements_covered_display": "100.00",
                        "num_branches": 0,
                        "num_partial_branches": 0,
                        "covered_branches": 0,
                        "missing_branches": 0,
                        "percent_branches_covered": 100.0,
                        "percent_branches_covered_display": "100.00"
                    },
                    "missing_lines": [],
                    "excluded_lines": [],
                    "start_line": 1,
                    "executed_branches": [],
                    "missing_branches": []
                }
            },
            "classes": {
                "": {
                    "executed_lines": [
                        32,
                        33,
                        34,
                        35,
                        36,
                        37,
                        38,
                        40,
                        43,
                        52,
                        53,
                        55,
                        57,
                        58,
                        59,
                        60,
                        62,
                        63,
                        65,
                        66,
                        67,
                        68,
                        69,
                        70,
                        73,
                        80,
                        81,
                        82,
                        83,
                        84,
                        85,
                        86,
                        87,
                        88,
                        89,
                        91,
                        92,
                        93,
                        95,
                        96,
                        97,
                        98,
                        99,
                        100,
                        101,
                        102,
                        103,
                        104,
                        105,
                        107,
                        110,
                        112,
                        113,
                        114,
                        115,
                        116,
                        117,
                        119,
                        120,
                        121,
                        122,
                        124,
                        125,
                        126,
                        129,
                        131,
                        132,
                        134,
                        140,
                        142,
                        143,
                        145,
                        148,
                        150,
                        151,
                        153,
                        154,
                        155,
                        157,
                        158,
                        160,
                        162,
                        163,
                        165,
                        166,
                        168,
                        170,
                        171,
                        173,
                        175,
                        179,
                        180,
                        181,
                        185,
                        189,
                        190,
                        192,
                        193,
                        194,
                        195
                    ],
                    "summary": {
                        "covered_lines": 100,
                        "num_statements": 111,
                        "percent_covered": 87.86127167630057,
                        "percent_covered_display": "87.86",
                        "missing_lines": 11,
                        "excluded_lines": 0,
                        "percent_statements_covered": 90.09009009009009,
                        "percent_statements_covered_display": "90.09",
                        "num_branches": 62,
                        "num_partial_branches": 6,
                        "covered_branches": 52,
                        "missing_branches": 10,
                        "percent_branches_covered": 83.87096774193549,
                        "percent_branches_covered_display": "83.87"
                    },
                    "missing_lines": [
                        71,
                        74,
                        75,
                        76,
                        77,
                        78,
                        186,
                        187,
                        196,
                        197,
                        200
                    ],
                    "excluded_lines": [],
                    "start_line": 1,
                    "executed_branches": [
                        [
                            52,
                            53
                        ],
                        [
                            52,
                            55
                        ],
                        [
                            58,
                            59
                        ],
                        [
                            58,
                            60
                        ],
                        [
                            69,
                            70
                        ],
                        [
                            69,
                            97
                        ],
                        [
                            70,
                            73
                        ],
                        [
                            73,
                            80
                        ],
                        [
                            80,
                            81
                        ],
                        [
                            80,
                            95
                        ],
                        [
                            82,
                            69
                        ],
                        [
                            82,
                            83
                        ],
                        [
                            83,
                            84
                        ],
                        [
                            85,
                            86
                        ],
                        [
                            88,
                            89
                        ],
                        [
                            88,
                            91
                        ],
                        [
                            95,
                            96
                        ],
                        [
                            97,
                            98
                        ],
                        [
                            97,
                            107
                        ],
                        [
                            98,
                            99
                        ],
                        [
                            98,
                            104
                        ],
                        [
                            101,
                            97
                        ],
                        [
                            101,
                            102
                        ],
                        [
                            102,
                            101
                        ],
                        [
                            102,
                            103
                        ],
                        [
                            104,
                            105
                        ],
                        [
                            115,
                            116
                        ],
                        [
                            115,
                            117
                        ],
                        [
                            131,
                            132
                        ],
                        [
                            131,
                            134
                        ],
                        [
                            134,
                            140
                        ],
                        [
                            134,
                            142
                        ],
                        [
                            142,
                            143
                        ],
                        [
                            142,
                            145
                        ],
                        [
                            150,
                            151
                        ],
                        [
                            150,
                            153
                        ],
                        [
                            153,
                            154
                        ],
                        [
                            153,
                            157
                        ],
                        [
                            157,
                            158
                        ],
                        [
                            157,
                            160
                        ],
                        [
                            162,
                            163
                        ],
                        [
                            162,
                            165
                        ],
                        [
                            165,
                            166
                        ],
                        [
                            165,
                            168
                        ],
                        [
                            170,
                            171
                        ],
                        [
                            170,
                            173
                        ],
                        [
                            179,
                            180
                        ],
                        [
                            179,
                            189
                        ],
                        [
                            181,
                            179
                        ],
                        [
                            181,
                            185
                        ],
                        [
                            189,
                            190
                        ],
                        [
                            189,
                            192
                        ]
                    ],
                    "missing_branches": [
                        [
                            70,
                            71
                        ],
                        [
                            73,
                            74
                        ],
                        [
                            76,
                            69
                        ],
                        [
                            76,
                            77
                        ],
                        [
                            77,
                            76
                        ],
                        [
                            77,
                            78
                        ],
                        [
                            83,
                            82
                        ],
                        [
                            85,
                            82
                        ],
                        [
                            95,
                            69
                        ],
                        [
                            104,
                            97
                        ]
                    ]
                }
            }
        },
        "src/pivot/registry.py": {
            "executed_lines": [
                17,
                18,
                19,
                21,
                24,
                25,
                40,
                41,
                42,
                44,
                54,
                57,
                58,
                60,
                76,
                80,
                84,
                86,
                90
            ],
            "summary": {
                "covered_lines": 19,
                "num_statements": 21,
                "percent_covered": 90.47619047619048,
                "percent_covered_display": "90.48",
                "missing_lines": 2,
                "excluded_lines": 2,
                "percent_statements_covered": 90.47619047619048,
                "percent_statements_covered_display": "90.48",
                "num_branches": 0,
                "num_partial_branches": 0,
                "covered_branches": 0,
                "missing_branches": 0,
                "percent_branches_covered": 100.0,
                "percent_branches_covered_display": "100.00"
            },
            "missing_lines": [
                78,
                82
            ],
            "excluded_lines": [
                51,
                74
            ],
            "executed_branches": [],
            "missing_branches": [],
            "functions": {
                "stage.__call__": {
                    "executed_lines": [],
                    "summary": {
                        "covered_lines": 0,
                        "num_statements": 0,
                        "percent_covered": 100.0,
                        "percent_covered_display": "100.00",
                        "missing_lines": 0,
                        "excluded_lines": 1,
                        "percent_statements_covered": 100.0,
                        "percent_statements_covered_display": "100.00",
                        "num_branches": 0,
                        "num_partial_branches": 0,
                        "covered_branches": 0,
                        "missing_branches": 0,
                        "percent_branches_covered": 100.0,
                        "percent_branches_covered_display": "100.00"
                    },
                    "missing_lines": [],
                    "excluded_lines": [
                        51
                    ],
                    "start_line": 44,
                    "executed_branches": [],
                    "missing_branches": []
                },
                "StageRegistry.__init__": {
                    "executed_lines": [
                        58
                    ],
                    "summary": {
                        "covered_lines": 1,
                        "num_statements": 1,
                        "percent_covered": 100.0,
                        "percent_covered_display": "100.00",
                        "missing_lines": 0,
                        "excluded_lines": 0,
                        "percent_statements_covered": 100.0,
                        "percent_statements_covered_display": "100.00",
                        "num_branches": 0,
                        "num_partial_branches": 0,
                        "covered_branches": 0,
                        "missing_branches": 0,
                        "percent_branches_covered": 100.0,
                        "percent_branches_covered_display": "100.00"
                    },
                    "missing_lines": [],
                    "excluded_lines": [],
                    "start_line": 57,
                    "executed_branches": [],
                    "missing_branches": []
                },
                "StageRegistry.register": {
                    "executed_lines": [],
                    "summary": {
                        "covered_lines": 0,
                        "num_statements": 0,
                        "percent_covered": 100.0,
                        "percent_covered_display": "100.00",
                        "missing_lines": 0,
                        "excluded_lines": 1,
                        "percent_statements_covered": 100.0,
                        "percent_statements_covered_display": "100.00",
                        "num_branches": 0,
                        "num_partial_branches": 0,
                        "covered_branches": 0,
                        "missing_branches": 0,
                        "percent_branches_covered": 100.0,
                        "percent_branches_covered_display": "100.00"
                    },
                    "missing_lines": [],
                    "excluded_lines": [
                        74
                    ],
                    "start_line": 60,
                    "executed_branches": [],
                    "missing_branches": []
                },
                "StageRegistry.get": {
                    "executed_lines": [],
                    "summary": {
                        "covered_lines": 0,
                        "num_statements": 1,
                        "percent_covered": 0.0,
                        "percent_covered_display": "0.00",
                        "missing_lines": 1,
                        "excluded_lines": 0,
                        "percent_statements_covered": 0.0,
                        "percent_statements_covered_display": "0.00",
                        "num_branches": 0,
                        "num_partial_branches": 0,
                        "covered_branches": 0,
                        "missing_branches": 0,
                        "percent_branches_covered": 100.0,
                        "percent_branches_covered_display": "100.00"
                    },
                    "missing_lines": [
                        78
                    ],
                    "excluded_lines": [],
                    "start_line": 76,
                    "executed_branches": [],
                    "missing_branches": []
                },
                "StageRegistry.list_stages": {
                    "executed_lines": [],
                    "summary": {
                        "covered_lines": 0,
                        "num_statements": 1,
                        "percent_covered": 0.0,
                        "percent_covered_display": "0.00",
                        "missing_lines": 1,
                        "excluded_lines": 0,
                        "percent_statements_covered": 0.0,
                        "percent_statements_covered_display": "0.00",
                        "num_branches": 0,
                        "num_partial_branches": 0,
                        "covered_branches": 0,
                        "missing_branches": 0,
                        "percent_branches_covered": 100.0,
                        "percent_branches_covered_display": "100.00"
                    },
                    "missing_lines": [
                        82
                    ],
                    "excluded_lines": [],
                    "start_line": 80,
                    "executed_branches": [],
                    "missing_branches": []
                },
                "StageRegistry.clear": {
                    "executed_lines": [
                        86
                    ],
                    "summary": {
                        "covered_lines": 1,
                        "num_statements": 1,
                        "percent_covered": 100.0,
                        "percent_covered_display": "100.00",
                        "missing_lines": 0,
                        "excluded_lines": 0,
                        "percent_statements_covered": 100.0,
                        "percent_statements_covered_display": "100.00",
                        "num_branches": 0,
                        "num_partial_branches": 0,
                        "covered_branches": 0,
                        "missing_branches": 0,
                        "percent_branches_covered": 100.0,
                        "percent_branches_covered_display": "100.00"
                    },
                    "missing_lines": [],
                    "excluded_lines": [],
                    "start_line": 84,
                    "executed_branches": [],
                    "missing_branches": []
                },
                "": {
                    "executed_lines": [
                        17,
                        18,
                        19,
                        21,
                        24,
                        25,
                        40,
                        41,
                        42,
                        44,
                        54,
                        57,
                        60,
                        76,
                        80,
                        84,
                        90
                    ],
                    "summary": {
                        "covered_lines": 17,
                        "num_statements": 17,
                        "percent_covered": 100.0,
                        "percent_covered_display": "100.00",
                        "missing_lines": 0,
                        "excluded_lines": 0,
                        "percent_statements_covered": 100.0,
                        "percent_statements_covered_display": "100.00",
                        "num_branches": 0,
                        "num_partial_branches": 0,
                        "covered_branches": 0,
                        "missing_branches": 0,
                        "percent_branches_covered": 100.0,
                        "percent_branches_covered_display": "100.00"
                    },
                    "missing_lines": [],
                    "excluded_lines": [],
                    "start_line": 1,
                    "executed_branches": [],
                    "missing_branches": []
                }
            },
            "classes": {
                "stage": {
                    "executed_lines": [],
                    "summary": {
                        "covered_lines": 0,
                        "num_statements": 0,
                        "percent_covered": 100.0,
                        "percent_covered_display": "100.00",
                        "missing_lines": 0,
                        "excluded_lines": 1,
                        "percent_statements_covered": 100.0,
                        "percent_statements_covered_display": "100.00",
                        "num_branches": 0,
                        "num_partial_branches": 0,
                        "covered_branches": 0,
                        "missing_branches": 0,
                        "percent_branches_covered": 100.0,
                        "percent_branches_covered_display": "100.00"
                    },
                    "missing_lines": [],
                    "excluded_lines": [
                        51
                    ],
                    "start_line": 25,
                    "executed_branches": [],
                    "missing_branches": []
                },
                "StageRegistry": {
                    "executed_lines": [
                        58,
                        86
                    ],
                    "summary": {
                        "covered_lines": 2,
                        "num_statements": 4,
                        "percent_covered": 50.0,
                        "percent_covered_display": "50.00",
                        "missing_lines": 2,
                        "excluded_lines": 1,
                        "percent_statements_covered": 50.0,
                        "percent_statements_covered_display": "50.00",
                        "num_branches": 0,
                        "num_partial_branches": 0,
                        "covered_branches": 0,
                        "missing_branches": 0,
                        "percent_branches_covered": 100.0,
                        "percent_branches_covered_display": "100.00"
                    },
                    "missing_lines": [
                        78,
                        82
                    ],
                    "excluded_lines": [
                        74
                    ],
                    "start_line": 54,
                    "executed_branches": [],
                    "missing_branches": []
                },
                "": {
                    "executed_lines": [
                        17,
                        18,
                        19,
                        21,
                        24,
                        25,
                        40,
                        41,
                        42,
                        44,
                        54,
                        57,
                        60,
                        76,
                        80,
                        84,
                        90
                    ],
                    "summary": {
                        "covered_lines": 17,
                        "num_statements": 17,
                        "percent_covered": 100.0,
                        "percent_covered_display": "100.00",
                        "missing_lines": 0,
                        "excluded_lines": 0,
                        "percent_statements_covered": 100.0,
                        "percent_statements_covered_display": "100.00",
                        "num_branches": 0,
                        "num_partial_branches": 0,
                        "covered_branches": 0,
                        "missing_branches": 0,
                        "percent_branches_covered": 100.0,
                        "percent_branches_covered_display": "100.00"
                    },
                    "missing_lines": [],
                    "excluded_lines": [],
                    "start_line": 1,
                    "executed_branches": [],
                    "missing_branches": []
                }
            }
        }
    },
    "totals": {
        "covered_lines": 165,
        "num_statements": 179,
        "percent_covered": 89.65517241379311,
        "percent_covered_display": "89.66",
        "missing_lines": 14,
        "excluded_lines": 2,
        "percent_statements_covered": 92.17877094972067,
        "percent_statements_covered_display": "92.18",
        "num_branches": 82,
        "num_partial_branches": 9,
        "covered_branches": 69,
        "missing_branches": 13,
        "percent_branches_covered": 84.14634146341463,
        "percent_branches_covered_display": "84.15"
    }
}